{
  "RSpec": {
    "coverage": {
      "/Users/gschilling/Documents/LevelUpExercises/level_up_exercises/cyoa/BetterStackAnswers/app/helpers/answers_helper.rb": [
        1,
        null
      ],
      "/Users/gschilling/Documents/LevelUpExercises/level_up_exercises/cyoa/BetterStackAnswers/app/helpers/application_helper.rb": [
        1,
        null
      ],
      "/Users/gschilling/Documents/LevelUpExercises/level_up_exercises/cyoa/BetterStackAnswers/app/helpers/questions_helper.rb": [
        1,
        null
      ],
      "/Users/gschilling/Documents/LevelUpExercises/level_up_exercises/cyoa/BetterStackAnswers/app/helpers/sessions_helper.rb": [
        1,
        null
      ],
      "/Users/gschilling/Documents/LevelUpExercises/level_up_exercises/cyoa/BetterStackAnswers/app/helpers/users_helper.rb": [
        1,
        null
      ],
      "/Users/gschilling/Documents/LevelUpExercises/level_up_exercises/cyoa/BetterStackAnswers/app/controllers/questions_controller.rb": [
        1,
        1,
        null,
        null,
        null,
        1,
        2,
        2,
        1,
        null,
        2,
        0,
        null,
        null,
        null,
        null,
        null,
        1,
        null,
        null,
        1,
        0,
        0,
        null,
        null,
        null,
        1,
        1,
        1,
        null,
        null,
        null,
        1,
        1,
        null,
        null,
        null,
        null,
        1,
        5,
        null,
        5,
        5,
        6,
        3,
        null,
        4,
        2,
        null,
        null,
        null,
        null,
        null,
        null,
        1,
        5,
        5,
        6,
        3,
        null,
        4,
        2,
        null,
        null,
        null,
        null,
        null,
        null,
        1,
        2,
        2,
        4,
        2,
        null,
        null,
        null,
        1,
        null,
        1,
        9,
        null,
        null,
        null,
        1,
        10,
        null,
        null
      ],
      "/Users/gschilling/Documents/LevelUpExercises/level_up_exercises/cyoa/BetterStackAnswers/app/controllers/application_controller.rb": [
        1,
        null,
        null,
        1,
        null,
        1,
        1,
        3,
        null,
        1,
        null,
        1,
        2,
        null,
        1,
        null
      ],
      "/Users/gschilling/Documents/LevelUpExercises/level_up_exercises/cyoa/BetterStackAnswers/app/controllers/sessions_controller.rb": [
        1,
        1,
        null,
        null,
        1,
        0,
        0,
        0,
        0,
        0,
        null,
        null,
        1,
        0,
        0,
        null,
        null,
        1,
        0,
        null,
        null
      ],
      "/Users/gschilling/Documents/LevelUpExercises/level_up_exercises/cyoa/BetterStackAnswers/app/controllers/users_controller.rb": [
        1,
        1,
        null,
        1,
        null,
        null,
        1,
        null,
        null,
        1,
        null,
        null,
        1,
        0,
        0,
        null,
        null,
        1,
        0,
        0,
        null,
        null,
        1,
        1,
        0,
        null,
        null
      ],
      "/Users/gschilling/Documents/LevelUpExercises/level_up_exercises/cyoa/BetterStackAnswers/app/interactors/gem_version.rb": [
        1,
        null,
        1,
        1,
        null,
        1,
        4,
        null,
        null,
        1,
        4,
        null,
        null,
        1,
        2,
        2,
        2,
        null,
        null,
        1,
        2,
        2,
        2,
        null,
        null
      ],
      "/Users/gschilling/Documents/LevelUpExercises/level_up_exercises/cyoa/BetterStackAnswers/app/interactors/stack_overflow.rb": [
        1,
        null,
        1,
        1,
        null,
        1,
        null,
        1,
        6,
        6,
        6,
        null,
        null,
        1,
        3,
        3,
        null,
        null,
        1,
        2,
        1,
        59,
        59,
        null,
        null,
        null,
        1,
        3,
        3,
        null,
        null,
        1,
        2,
        200,
        200,
        200,
        null,
        null,
        null
      ],
      "/Users/gschilling/Documents/LevelUpExercises/level_up_exercises/cyoa/BetterStackAnswers/app/models/answer.rb": [
        1,
        1,
        null,
        1,
        1,
        null
      ],
      "/Users/gschilling/Documents/LevelUpExercises/level_up_exercises/cyoa/BetterStackAnswers/app/models/question.rb": [
        1,
        1,
        1,
        null,
        1,
        1,
        null,
        1,
        null,
        1,
        1,
        null,
        2,
        2,
        null,
        1,
        244,
        242,
        null,
        null,
        null,
        1,
        2,
        null,
        null,
        1,
        2,
        null,
        null,
        1,
        1,
        1,
        1,
        1,
        1,
        null,
        null
      ],
      "/Users/gschilling/Documents/LevelUpExercises/level_up_exercises/cyoa/BetterStackAnswers/app/models/user.rb": [
        1,
        1,
        null,
        1,
        null,
        1,
        0,
        0,
        null,
        null,
        null,
        1,
        0,
        0,
        0,
        null,
        0,
        null,
        null,
        1,
        1,
        2,
        2,
        null,
        null,
        null
      ],
      "/Users/gschilling/Documents/LevelUpExercises/level_up_exercises/cyoa/BetterStackAnswers/app/controllers/answers_controller.rb": [
        1,
        1,
        null,
        1,
        0,
        null,
        null,
        1,
        0,
        null,
        0,
        0,
        0,
        0,
        null,
        0,
        0,
        null,
        null,
        null,
        null,
        1,
        0,
        0,
        0,
        0,
        null,
        0,
        0,
        null,
        null,
        null,
        null,
        1,
        0,
        0,
        0,
        0,
        null,
        null,
        null,
        1,
        null,
        1,
        0,
        null,
        null,
        null,
        1,
        0,
        null,
        null
      ]
    },
    "timestamp": 1433949086
  },
  "Cucumber Features": {
    "coverage": {
      "/Users/gschilling/Documents/LevelUpExercises/level_up_exercises/cyoa/BetterStackAnswers/app/models/question.rb": [
        1,
        1,
        1,
        null,
        1,
        1,
        null,
        1,
        null,
        1,
        1,
        null,
        4,
        4,
        null,
        1,
        521,
        521,
        null,
        null,
        null,
        1,
        0,
        null,
        null,
        1,
        0,
        null,
        null,
        1,
        5,
        5,
        5,
        5,
        5,
        null,
        null
      ],
      "/Users/gschilling/Documents/LevelUpExercises/level_up_exercises/cyoa/BetterStackAnswers/app/controllers/questions_controller.rb": [
        1,
        1,
        null,
        null,
        null,
        1,
        20,
        20,
        4,
        null,
        20,
        1,
        null,
        null,
        null,
        null,
        null,
        1,
        null,
        null,
        1,
        1,
        1,
        null,
        null,
        null,
        1,
        2,
        2,
        null,
        null,
        null,
        1,
        3,
        null,
        null,
        null,
        null,
        1,
        2,
        null,
        2,
        2,
        4,
        2,
        null,
        0,
        0,
        null,
        null,
        null,
        null,
        null,
        null,
        1,
        3,
        3,
        4,
        2,
        null,
        2,
        1,
        null,
        null,
        null,
        null,
        null,
        null,
        1,
        0,
        0,
        0,
        0,
        null,
        null,
        null,
        1,
        null,
        1,
        10,
        null,
        null,
        null,
        1,
        5,
        null,
        null
      ],
      "/Users/gschilling/Documents/LevelUpExercises/level_up_exercises/cyoa/BetterStackAnswers/app/controllers/application_controller.rb": [
        1,
        null,
        null,
        1,
        null,
        1,
        1,
        135,
        null,
        1,
        null,
        1,
        66,
        null,
        1,
        null
      ],
      "/Users/gschilling/Documents/LevelUpExercises/level_up_exercises/cyoa/BetterStackAnswers/app/helpers/application_helper.rb": [
        1,
        null
      ],
      "/Users/gschilling/Documents/LevelUpExercises/level_up_exercises/cyoa/BetterStackAnswers/app/helpers/answers_helper.rb": [
        1,
        null
      ],
      "/Users/gschilling/Documents/LevelUpExercises/level_up_exercises/cyoa/BetterStackAnswers/app/helpers/questions_helper.rb": [
        1,
        null
      ],
      "/Users/gschilling/Documents/LevelUpExercises/level_up_exercises/cyoa/BetterStackAnswers/app/helpers/sessions_helper.rb": [
        1,
        null
      ],
      "/Users/gschilling/Documents/LevelUpExercises/level_up_exercises/cyoa/BetterStackAnswers/app/helpers/users_helper.rb": [
        1,
        null
      ],
      "/Users/gschilling/Documents/LevelUpExercises/level_up_exercises/cyoa/BetterStackAnswers/app/models/answer.rb": [
        1,
        1,
        null,
        1,
        1,
        null
      ],
      "/Users/gschilling/Documents/LevelUpExercises/level_up_exercises/cyoa/BetterStackAnswers/app/models/user.rb": [
        1,
        1,
        null,
        1,
        null,
        1,
        4,
        0,
        null,
        null,
        null,
        1,
        4,
        4,
        0,
        null,
        4,
        null,
        null,
        1,
        2,
        0,
        0,
        null,
        null,
        null
      ],
      "/Users/gschilling/Documents/LevelUpExercises/level_up_exercises/cyoa/BetterStackAnswers/app/interactors/stack_overflow.rb": [
        1,
        null,
        1,
        1,
        null,
        1,
        null,
        1,
        5,
        5,
        5,
        null,
        null,
        1,
        5,
        5,
        null,
        null,
        1,
        5,
        5,
        295,
        295,
        null,
        null,
        null,
        1,
        5,
        5,
        null,
        null,
        1,
        5,
        500,
        500,
        500,
        null,
        null,
        null
      ],
      "/Users/gschilling/Documents/LevelUpExercises/level_up_exercises/cyoa/BetterStackAnswers/app/controllers/sessions_controller.rb": [
        1,
        1,
        null,
        null,
        1,
        4,
        4,
        4,
        4,
        4,
        null,
        null,
        1,
        1,
        1,
        null,
        null,
        1,
        1,
        null,
        null
      ],
      "/Users/gschilling/Documents/LevelUpExercises/level_up_exercises/cyoa/BetterStackAnswers/app/controllers/users_controller.rb": [
        1,
        1,
        null,
        1,
        null,
        null,
        1,
        null,
        null,
        1,
        null,
        null,
        1,
        1,
        1,
        null,
        null,
        1,
        1,
        1,
        null,
        null,
        1,
        1,
        3,
        null,
        null
      ],
      "/Users/gschilling/Documents/LevelUpExercises/level_up_exercises/cyoa/BetterStackAnswers/app/interactors/gem_version.rb": [
        1,
        null,
        1,
        1,
        null,
        1,
        3,
        null,
        null,
        1,
        3,
        null,
        null,
        1,
        1,
        1,
        1,
        null,
        null,
        1,
        1,
        1,
        1,
        null,
        null
      ]
    },
    "timestamp": 1433949072
  }
}
